Reed
TANUSHREE
Garrett
Dhruv
Nathaniel
Cynthia
Roberto
Zachary
Heather
Maxwell
Robert
Bryan
Jordan
Mauricio
Gabriel
Jesse
Lars
Rayen
Mason
Kelvin
Connor
Logen
Grayson
Gurmanjeet
Myles
Christopher
Fidel
Yuya
Martin
Sangho
Samuel
Brendon
Grace
Jacob
Brian
Michael
Scott
Christian
Morgan
Madeline
Patrick
Gopal
Shahin
Piradeepan
Marylin
Chetan
Luke
Leon
Jayesh
Devam
Randall
Alex
Eric
Nissa
Alexander
Diksha
James
Serina
Iram
Dylan
Joel
Sam
Azaiah
Noah
Austin
Alexandra
Swornima
Tony
Kyle
Alan
Sujeet
Salvador
Karandeep
Brayden
Ethan
Matthew
Anthony
Abraham
Deepali
Deividas
Preston
Ryan
Bowei
Jason
Francisco
McDermott
Max
Allison
Valeria
Anwaar
Ablehulu
Atreya
Kimberly
Manuel
Edgar
Pratiksha
Zaiba
Cody
Dmytro
Kevin
Alexa
Andrew
Adam
Jeremiah
Jeyna
Benjamin
Tommy
Kwounsu
Daniel
Gary
Ashley
Moises
Braden
Enrique
Yulin
